Traceback (most recent call last):
  File "C:\Users\jconr\anaconda3\envs\jk_venv\Lib\site-packages\jupyter_core\utils\__init__.py", line 154, in wrapped
    asyncio.get_running_loop()
RuntimeError: no running event loop

During handling of the above exception, another exception occurred:

Traceback (most recent call last):
  File "C:\Users\jconr\anaconda3\envs\jk_venv\Lib\site-packages\jupyter_cache\executors\utils.py", line 58, in single_nb_execution
    executenb(
  File "C:\Users\jconr\anaconda3\envs\jk_venv\Lib\site-packages\nbclient\client.py", line 1319, in execute
    return NotebookClient(nb=nb, resources=resources, km=km, **kwargs).execute()
           ^^^^^^^^^^^^^^^^^^^^^^^^^^^^^^^^^^^^^^^^^^^^^^^^^^^^^^^^^^^^^^^^^^^^^
  File "C:\Users\jconr\anaconda3\envs\jk_venv\Lib\site-packages\jupyter_core\utils\__init__.py", line 158, in wrapped
    return loop.run_until_complete(inner)
           ^^^^^^^^^^^^^^^^^^^^^^^^^^^^^^
  File "C:\Users\jconr\anaconda3\envs\jk_venv\Lib\asyncio\base_events.py", line 654, in run_until_complete
    return future.result()
           ^^^^^^^^^^^^^^^
  File "C:\Users\jconr\anaconda3\envs\jk_venv\Lib\site-packages\nbclient\client.py", line 709, in async_execute
    await self.async_execute_cell(
  File "C:\Users\jconr\anaconda3\envs\jk_venv\Lib\site-packages\nbclient\client.py", line 1062, in async_execute_cell
    await self._check_raise_for_error(cell, cell_index, exec_reply)
  File "C:\Users\jconr\anaconda3\envs\jk_venv\Lib\site-packages\nbclient\client.py", line 918, in _check_raise_for_error
    raise CellExecutionError.from_cell_and_msg(cell, exec_reply_content)
nbclient.exceptions.CellExecutionError: An error occurred while executing the following cell:
------------------
from IPython.display import Markdown

Markdown(imputabilidad.to_markdown(index=False))

imputabilidad = pd.DataFrame([
    ["ingresos",           "Sí (justificado)", "Si se imputa mal, puede distorsionar la relación con demanda y crédito", "KNN o regresión"],
    ["gasto_mensual",      "Sí (justificado)", "Imputar con promedio simple sería riesgoso, ya que depende de ingresos y segmento", "Regresión o imputación condicional por segmento"],
    ["puntuacion_credito", "Parcial (alta duda)", "50% nulos → imputar podría introducir mucho sesgo", "Analizar eliminar o usar KNN si es crítico"],
    ["estado_civil",       "Sí (parcial)", "Es categórica con 35% nulos → imputar con moda puede sobre-representar un grupo", "Moda por grupo (ej. ciudad o edad)"],
    ["sexo",               "Sí (simple)", "Muy pocos nulos (2%) → no afecta resultados", "Moda"],
    ["edad",               "Sí (simple)", "Pocos nulos (3%) → bajo riesgo", "Mediana"],
    ["altura_cm",          "Sí (simple)", "Nulos bajos (8%). Riesgo bajo de sesgo", "Mediana"],
    ["nivel_educativo",    "Sí (justificado)", "10% nulos, imputar con moda directa puede ser válido", "Moda"],
    ["ciudad",             "Sí (justificado)", "5% nulos, bajo riesgo", "Moda"],
    ["demanda",            "Sí (cuidado)", "15% nulos → imputación errónea puede sesgar modelos de predicción", "Interpolación o regresión"]
], columns=["Variable","¿Imputar?","Riesgo","Método sugerido"])

imputabilidad

------------------


[31m---------------------------------------------------------------------------[39m
[31mNameError[39m                                 Traceback (most recent call last)
[36mCell[39m[36m [39m[32mIn[2][39m[32m, line 3[39m
[32m      1[39m [38;5;28;01mfrom[39;00m[38;5;250m [39m[34;01mIPython[39;00m[34;01m.[39;00m[34;01mdisplay[39;00m[38;5;250m [39m[38;5;28;01mimport[39;00m Markdown
[32m----> [39m[32m3[39m Markdown([43mimputabilidad[49m.to_markdown(index=[38;5;28;01mFalse[39;00m))
[32m      5[39m imputabilidad = pd.DataFrame([
[32m      6[39m     [[33m"[39m[33mingresos[39m[33m"[39m,           [33m"[39m[33mSí (justificado)[39m[33m"[39m, [33m"[39m[33mSi se imputa mal, puede distorsionar la relación con demanda y crédito[39m[33m"[39m, [33m"[39m[33mKNN o regresión[39m[33m"[39m],
[32m      7[39m     [[33m"[39m[33mgasto_mensual[39m[33m"[39m,      [33m"[39m[33mSí (justificado)[39m[33m"[39m, [33m"[39m[33mImputar con promedio simple sería riesgoso, ya que depende de ingresos y segmento[39m[33m"[39m, [33m"[39m[33mRegresión o imputación condicional por segmento[39m[33m"[39m],
[32m   (...)[39m[32m     15[39m     [[33m"[39m[33mdemanda[39m[33m"[39m,            [33m"[39m[33mSí (cuidado)[39m[33m"[39m, [33m"[39m[33m15[39m[33m%[39m[33m nulos → imputación errónea puede sesgar modelos de predicción[39m[33m"[39m, [33m"[39m[33mInterpolación o regresión[39m[33m"[39m]
[32m     16[39m ], columns=[[33m"[39m[33mVariable[39m[33m"[39m,[33m"[39m[33m¿Imputar?[39m[33m"[39m,[33m"[39m[33mRiesgo[39m[33m"[39m,[33m"[39m[33mMétodo sugerido[39m[33m"[39m])
[32m     18[39m imputabilidad

[31mNameError[39m: name 'imputabilidad' is not defined

